  [4;36;1mSQL (0.0ms)[0m   [0;1mSET NAMES 'utf8'[0m
  [4;35;1mSQL (0.0ms)[0m   [0mSET SQL_AUTO_IS_NULL=0[0m
  [4;36;1mSQL (125.0ms)[0m   [0;1mSHOW TABLES[0m
  [4;35;1mSQL (437.5ms)[0m   [0mCREATE TABLE `schema_migrations` (`version` varchar(255) NOT NULL) ENGINE=InnoDB[0m
  [4;36;1mSQL (31.2ms)[0m   [0;1mSHOW KEYS FROM `schema_migrations`[0m
  [4;35;1mSQL (500.0ms)[0m   [0mCREATE UNIQUE INDEX `unique_schema_migrations` ON `schema_migrations` (`version`)[0m
  [4;36;1mSQL (0.0ms)[0m   [0;1mSHOW TABLES[0m
  [4;35;1mSQL (0.0ms)[0m   [0mSELECT version FROM schema_migrations[0m
Migrating to CreateUsers (20110522103032)
  [4;36;1mSQL (187.5ms)[0m   [0;1mCREATE TABLE `users` (`id` int(11) DEFAULT NULL auto_increment PRIMARY KEY, `name` varchar(255), `email` varchar(255), `created_at` datetime, `updated_at` datetime) ENGINE=InnoDB[0m
  [4;35;1mSQL (78.1ms)[0m   [0mINSERT INTO schema_migrations (version) VALUES ('20110522103032')[0m
  [4;36;1mSQL (0.0ms)[0m   [0;1mSHOW TABLES[0m
  [4;35;1mSQL (0.0ms)[0m   [0mSELECT version FROM schema_migrations[0m
  [4;36;1mSQL (0.0ms)[0m   [0;1mSHOW TABLES[0m
  [4;35;1mSQL (140.6ms)[0m   [0mSHOW FIELDS FROM `users`[0m
  [4;36;1mSQL (31.2ms)[0m   [0;1mdescribe `users`[0m
  [4;35;1mSQL (15.6ms)[0m   [0mSHOW KEYS FROM `users`[0m
  [4;36;1mSQL (0.0ms)[0m   [0;1mSET NAMES 'utf8'[0m
  [4;35;1mSQL (0.0ms)[0m   [0mSET SQL_AUTO_IS_NULL=0[0m


Processing UsersController#index (for 127.0.0.1 at 2011-05-22 16:05:31) [GET]
  [4;36;1mUser Load (0.0ms)[0m   [0;1mSELECT * FROM `users` [0m
Rendering template within layouts/users
Rendering users/index
Completed in 2047ms (View: 2031, DB: 0) | 200 OK [http://localhost/users]
  [4;35;1mSQL (0.0ms)[0m   [0mSET NAMES 'utf8'[0m
  [4;36;1mSQL (0.0ms)[0m   [0;1mSET SQL_AUTO_IS_NULL=0[0m


Processing UsersController#new (for 127.0.0.1 at 2011-05-22 16:07:29) [GET]
  [4;35;1mUser Columns (31.2ms)[0m   [0mSHOW FIELDS FROM `users`[0m
Rendering template within layouts/users
Rendering users/new
Completed in 141ms (View: 78, DB: 31) | 200 OK [http://localhost/users/new]
  [4;36;1mSQL (15.6ms)[0m   [0;1mSET NAMES 'utf8'[0m
  [4;35;1mSQL (0.0ms)[0m   [0mSET SQL_AUTO_IS_NULL=0[0m


Processing UsersController#create (for 127.0.0.1 at 2011-05-22 16:07:31) [POST]
  Parameters: {"user"=>{"name"=>"sdfdsf", "email"=>"sdfsdf"}, "commit"=>"Create", "authenticity_token"=>"74+mZzD3MsQ1HO0xzyi5y4d2N5ekC9WZcAQrD/NIF8Y="}
  [4;36;1mUser Columns (15.6ms)[0m   [0;1mSHOW FIELDS FROM `users`[0m
  [4;35;1mSQL (15.6ms)[0m   [0mBEGIN[0m
  [4;36;1mUser Create (78.1ms)[0m   [0;1mINSERT INTO `users` (`name`, `updated_at`, `email`, `created_at`) VALUES('sdfdsf', '2011-05-22 10:37:32', 'sdfsdf', '2011-05-22 10:37:32')[0m
  [4;35;1mSQL (203.1ms)[0m   [0mCOMMIT[0m
Redirected to http://localhost:3000/users/1
Completed in 484ms (DB: 328) | 302 Found [http://localhost/users]
  [4;36;1mSQL (0.0ms)[0m   [0;1mSET NAMES 'utf8'[0m
  [4;35;1mSQL (0.0ms)[0m   [0mSET SQL_AUTO_IS_NULL=0[0m


Processing UsersController#show (for 127.0.0.1 at 2011-05-22 16:07:32) [GET]
  Parameters: {"id"=>"1"}
  [4;36;1mUser Columns (15.6ms)[0m   [0;1mSHOW FIELDS FROM `users`[0m
  [4;35;1mUser Load (125.0ms)[0m   [0mSELECT * FROM `users` WHERE (`users`.`id` = 1) [0m
Rendering template within layouts/users
Rendering users/show
Completed in 188ms (View: 31, DB: 141) | 200 OK [http://localhost/users/1]
/!\ FAILSAFE /!\  Tue May 24 10:59:36 +0530 2011
  Status: 500 Internal Server Error
  no such file to load -- sqlite3
    c:/Ruby186/lib/ruby/site_ruby/1.8/rubygems/custom_require.rb:29:in `gem_original_require'
    c:/Ruby186/lib/ruby/site_ruby/1.8/rubygems/custom_require.rb:29:in `require'
    D:/spr/example_app/vendor/rails/activesupport/lib/active_support/dependencies.rb:156:in `require'
    D:/spr/example_app/vendor/rails/activesupport/lib/active_support/dependencies.rb:521:in `new_constants_in'
    D:/spr/example_app/vendor/rails/activesupport/lib/active_support/dependencies.rb:156:in `require'
    D:/spr/example_app/vendor/rails/activesupport/lib/active_support/core_ext/kernel/requires.rb:7:in `require_library_or_gem'
    D:/spr/example_app/vendor/rails/activesupport/lib/active_support/core_ext/kernel/reporting.rb:11:in `silence_warnings'
    D:/spr/example_app/vendor/rails/activesupport/lib/active_support/core_ext/kernel/requires.rb:5:in `require_library_or_gem'
    D:/spr/example_app/vendor/rails/activerecord/lib/active_record/connection_adapters/sqlite3_adapter.rb:10:in `sqlite3_connection'
    D:/spr/example_app/vendor/rails/activerecord/lib/active_record/connection_adapters/abstract/connection_pool.rb:223:in `send'
    D:/spr/example_app/vendor/rails/activerecord/lib/active_record/connection_adapters/abstract/connection_pool.rb:223:in `new_connection'
    D:/spr/example_app/vendor/rails/activerecord/lib/active_record/connection_adapters/abstract/connection_pool.rb:245:in `checkout_new_connection'
    D:/spr/example_app/vendor/rails/activerecord/lib/active_record/connection_adapters/abstract/connection_pool.rb:188:in `checkout'
    D:/spr/example_app/vendor/rails/activerecord/lib/active_record/connection_adapters/abstract/connection_pool.rb:184:in `loop'
    D:/spr/example_app/vendor/rails/activerecord/lib/active_record/connection_adapters/abstract/connection_pool.rb:184:in `checkout'
    c:/Ruby186/lib/ruby/1.8/monitor.rb:242:in `synchronize'
    D:/spr/example_app/vendor/rails/activerecord/lib/active_record/connection_adapters/abstract/connection_pool.rb:183:in `checkout'
    D:/spr/example_app/vendor/rails/activerecord/lib/active_record/connection_adapters/abstract/connection_pool.rb:98:in `connection'
    D:/spr/example_app/vendor/rails/activerecord/lib/active_record/connection_adapters/abstract/connection_pool.rb:326:in `retrieve_connection'
    D:/spr/example_app/vendor/rails/activerecord/lib/active_record/connection_adapters/abstract/connection_specification.rb:123:in `retrieve_connection'
    D:/spr/example_app/vendor/rails/activerecord/lib/active_record/connection_adapters/abstract/connection_specification.rb:115:in `connection'
    D:/spr/example_app/vendor/rails/activerecord/lib/active_record/query_cache.rb:9:in `cache'
    D:/spr/example_app/vendor/rails/activerecord/lib/active_record/query_cache.rb:28:in `call'
    D:/spr/example_app/vendor/rails/activerecord/lib/active_record/connection_adapters/abstract/connection_pool.rb:361:in `call'
    D:/spr/example_app/vendor/rails/actionpack/lib/action_controller/string_coercion.rb:25:in `call'
    c:/Ruby186/lib/ruby/gems/1.8/gems/rack-1.1.0/lib/rack/head.rb:9:in `call'
    c:/Ruby186/lib/ruby/gems/1.8/gems/rack-1.1.0/lib/rack/methodoverride.rb:24:in `call'
    D:/spr/example_app/vendor/rails/actionpack/lib/action_controller/params_parser.rb:15:in `call'
    D:/spr/example_app/vendor/rails/actionpack/lib/action_controller/session/cookie_store.rb:99:in `call'
    D:/spr/example_app/vendor/rails/actionpack/lib/action_controller/failsafe.rb:26:in `call'
    c:/Ruby186/lib/ruby/gems/1.8/gems/rack-1.1.0/lib/rack/lock.rb:11:in `call'
    c:/Ruby186/lib/ruby/gems/1.8/gems/rack-1.1.0/lib/rack/lock.rb:11:in `synchronize'
    c:/Ruby186/lib/ruby/gems/1.8/gems/rack-1.1.0/lib/rack/lock.rb:11:in `call'
    D:/spr/example_app/vendor/rails/actionpack/lib/action_controller/dispatcher.rb:114:in `call'
    D:/spr/example_app/vendor/rails/actionpack/lib/action_controller/reloader.rb:34:in `run'
    D:/spr/example_app/vendor/rails/actionpack/lib/action_controller/dispatcher.rb:108:in `call'
    D:/spr/example_app/vendor/rails/railties/lib/rails/rack/static.rb:31:in `call'
    c:/Ruby186/lib/ruby/gems/1.8/gems/rack-1.1.0/lib/rack/urlmap.rb:47:in `call'
    c:/Ruby186/lib/ruby/gems/1.8/gems/rack-1.1.0/lib/rack/urlmap.rb:41:in `each'
    c:/Ruby186/lib/ruby/gems/1.8/gems/rack-1.1.0/lib/rack/urlmap.rb:41:in `call'
    D:/spr/example_app/vendor/rails/railties/lib/rails/rack/log_tailer.rb:17:in `call'
    c:/Ruby186/lib/ruby/gems/1.8/gems/rack-1.1.0/lib/rack/content_length.rb:13:in `call'
    c:/Ruby186/lib/ruby/gems/1.8/gems/rack-1.1.0/lib/rack/chunked.rb:15:in `call'
    c:/Ruby186/lib/ruby/gems/1.8/gems/rack-1.1.0/lib/rack/handler/mongrel.rb:67:in `process'
    c:/Ruby186/lib/ruby/gems/1.8/gems/mongrel-1.1.5-x86-mingw32/lib/mongrel.rb:159:in `process_client'
    c:/Ruby186/lib/ruby/gems/1.8/gems/mongrel-1.1.5-x86-mingw32/lib/mongrel.rb:158:in `each'
    c:/Ruby186/lib/ruby/gems/1.8/gems/mongrel-1.1.5-x86-mingw32/lib/mongrel.rb:158:in `process_client'
    c:/Ruby186/lib/ruby/gems/1.8/gems/mongrel-1.1.5-x86-mingw32/lib/mongrel.rb:285:in `run'
    c:/Ruby186/lib/ruby/gems/1.8/gems/mongrel-1.1.5-x86-mingw32/lib/mongrel.rb:285:in `initialize'
    c:/Ruby186/lib/ruby/gems/1.8/gems/mongrel-1.1.5-x86-mingw32/lib/mongrel.rb:285:in `new'
    c:/Ruby186/lib/ruby/gems/1.8/gems/mongrel-1.1.5-x86-mingw32/lib/mongrel.rb:285:in `run'
    c:/Ruby186/lib/ruby/gems/1.8/gems/mongrel-1.1.5-x86-mingw32/lib/mongrel.rb:268:in `initialize'
    c:/Ruby186/lib/ruby/gems/1.8/gems/mongrel-1.1.5-x86-mingw32/lib/mongrel.rb:268:in `new'
    c:/Ruby186/lib/ruby/gems/1.8/gems/mongrel-1.1.5-x86-mingw32/lib/mongrel.rb:268:in `run'
    c:/Ruby186/lib/ruby/gems/1.8/gems/rack-1.1.0/lib/rack/handler/mongrel.rb:38:in `run'
    D:/spr/example_app/vendor/rails/railties/lib/commands/server.rb:111
    c:/Ruby186/lib/ruby/site_ruby/1.8/rubygems/custom_require.rb:29:in `gem_original_require'
    c:/Ruby186/lib/ruby/site_ruby/1.8/rubygems/custom_require.rb:29:in `require'
    script/server:3
  [4;36;1mSQL (0.0ms)[0m   [0;1mSET NAMES 'utf8'[0m
  [4;35;1mSQL (0.0ms)[0m   [0mSET SQL_AUTO_IS_NULL=0[0m
  [4;36;1mSQL (0.0ms)[0m   [0;1mSHOW TABLES[0m
  [4;35;1mSQL (0.0ms)[0m   [0mSELECT version FROM schema_migrations[0m
Migrating to CreateUsers (20110522103032)
Migrating to AddFiledsToUsers (20110524051355)
  [4;36;1mSQL (375.0ms)[0m   [0;1mALTER TABLE `users` ADD `avatar` varchar(255)[0m
  [4;35;1mSQL (31.2ms)[0m   [0mINSERT INTO schema_migrations (version) VALUES ('20110524051355')[0m
  [4;36;1mSQL (0.0ms)[0m   [0;1mSHOW TABLES[0m
  [4;35;1mSQL (0.0ms)[0m   [0mSELECT version FROM schema_migrations[0m
  [4;36;1mSQL (0.0ms)[0m   [0;1mSHOW TABLES[0m
  [4;35;1mSQL (15.6ms)[0m   [0mSHOW FIELDS FROM `users`[0m
  [4;36;1mSQL (0.0ms)[0m   [0;1mdescribe `users`[0m
  [4;35;1mSQL (0.0ms)[0m   [0mSHOW KEYS FROM `users`[0m
/!\ FAILSAFE /!\  Tue May 24 10:59:47 +0530 2011
  Status: 500 Internal Server Error
  no such file to load -- sqlite3
    c:/Ruby186/lib/ruby/site_ruby/1.8/rubygems/custom_require.rb:29:in `gem_original_require'
    c:/Ruby186/lib/ruby/site_ruby/1.8/rubygems/custom_require.rb:29:in `require'
    D:/spr/example_app/vendor/rails/activesupport/lib/active_support/dependencies.rb:156:in `require'
    D:/spr/example_app/vendor/rails/activesupport/lib/active_support/dependencies.rb:521:in `new_constants_in'
    D:/spr/example_app/vendor/rails/activesupport/lib/active_support/dependencies.rb:156:in `require'
    D:/spr/example_app/vendor/rails/activesupport/lib/active_support/core_ext/kernel/requires.rb:7:in `require_library_or_gem'
    D:/spr/example_app/vendor/rails/activesupport/lib/active_support/core_ext/kernel/reporting.rb:11:in `silence_warnings'
    D:/spr/example_app/vendor/rails/activesupport/lib/active_support/core_ext/kernel/requires.rb:5:in `require_library_or_gem'
    D:/spr/example_app/vendor/rails/activerecord/lib/active_record/connection_adapters/sqlite3_adapter.rb:10:in `sqlite3_connection'
    D:/spr/example_app/vendor/rails/activerecord/lib/active_record/connection_adapters/abstract/connection_pool.rb:223:in `send'
    D:/spr/example_app/vendor/rails/activerecord/lib/active_record/connection_adapters/abstract/connection_pool.rb:223:in `new_connection'
    D:/spr/example_app/vendor/rails/activerecord/lib/active_record/connection_adapters/abstract/connection_pool.rb:245:in `checkout_new_connection'
    D:/spr/example_app/vendor/rails/activerecord/lib/active_record/connection_adapters/abstract/connection_pool.rb:188:in `checkout'
    D:/spr/example_app/vendor/rails/activerecord/lib/active_record/connection_adapters/abstract/connection_pool.rb:184:in `loop'
    D:/spr/example_app/vendor/rails/activerecord/lib/active_record/connection_adapters/abstract/connection_pool.rb:184:in `checkout'
    c:/Ruby186/lib/ruby/1.8/monitor.rb:242:in `synchronize'
    D:/spr/example_app/vendor/rails/activerecord/lib/active_record/connection_adapters/abstract/connection_pool.rb:183:in `checkout'
    D:/spr/example_app/vendor/rails/activerecord/lib/active_record/connection_adapters/abstract/connection_pool.rb:98:in `connection'
    D:/spr/example_app/vendor/rails/activerecord/lib/active_record/connection_adapters/abstract/connection_pool.rb:326:in `retrieve_connection'
    D:/spr/example_app/vendor/rails/activerecord/lib/active_record/connection_adapters/abstract/connection_specification.rb:123:in `retrieve_connection'
    D:/spr/example_app/vendor/rails/activerecord/lib/active_record/connection_adapters/abstract/connection_specification.rb:115:in `connection'
    D:/spr/example_app/vendor/rails/activerecord/lib/active_record/query_cache.rb:9:in `cache'
    D:/spr/example_app/vendor/rails/activerecord/lib/active_record/query_cache.rb:28:in `call'
    D:/spr/example_app/vendor/rails/activerecord/lib/active_record/connection_adapters/abstract/connection_pool.rb:361:in `call'
    D:/spr/example_app/vendor/rails/actionpack/lib/action_controller/string_coercion.rb:25:in `call'
    c:/Ruby186/lib/ruby/gems/1.8/gems/rack-1.1.0/lib/rack/head.rb:9:in `call'
    c:/Ruby186/lib/ruby/gems/1.8/gems/rack-1.1.0/lib/rack/methodoverride.rb:24:in `call'
    D:/spr/example_app/vendor/rails/actionpack/lib/action_controller/params_parser.rb:15:in `call'
    D:/spr/example_app/vendor/rails/actionpack/lib/action_controller/session/cookie_store.rb:99:in `call'
    D:/spr/example_app/vendor/rails/actionpack/lib/action_controller/failsafe.rb:26:in `call'
    c:/Ruby186/lib/ruby/gems/1.8/gems/rack-1.1.0/lib/rack/lock.rb:11:in `call'
    c:/Ruby186/lib/ruby/gems/1.8/gems/rack-1.1.0/lib/rack/lock.rb:11:in `synchronize'
    c:/Ruby186/lib/ruby/gems/1.8/gems/rack-1.1.0/lib/rack/lock.rb:11:in `call'
    D:/spr/example_app/vendor/rails/actionpack/lib/action_controller/dispatcher.rb:114:in `call'
    D:/spr/example_app/vendor/rails/actionpack/lib/action_controller/reloader.rb:34:in `run'
    D:/spr/example_app/vendor/rails/actionpack/lib/action_controller/dispatcher.rb:108:in `call'
    D:/spr/example_app/vendor/rails/railties/lib/rails/rack/static.rb:31:in `call'
    c:/Ruby186/lib/ruby/gems/1.8/gems/rack-1.1.0/lib/rack/urlmap.rb:47:in `call'
    c:/Ruby186/lib/ruby/gems/1.8/gems/rack-1.1.0/lib/rack/urlmap.rb:41:in `each'
    c:/Ruby186/lib/ruby/gems/1.8/gems/rack-1.1.0/lib/rack/urlmap.rb:41:in `call'
    D:/spr/example_app/vendor/rails/railties/lib/rails/rack/log_tailer.rb:17:in `call'
    c:/Ruby186/lib/ruby/gems/1.8/gems/rack-1.1.0/lib/rack/content_length.rb:13:in `call'
    c:/Ruby186/lib/ruby/gems/1.8/gems/rack-1.1.0/lib/rack/chunked.rb:15:in `call'
    c:/Ruby186/lib/ruby/gems/1.8/gems/rack-1.1.0/lib/rack/handler/mongrel.rb:67:in `process'
    c:/Ruby186/lib/ruby/gems/1.8/gems/mongrel-1.1.5-x86-mingw32/lib/mongrel.rb:159:in `process_client'
    c:/Ruby186/lib/ruby/gems/1.8/gems/mongrel-1.1.5-x86-mingw32/lib/mongrel.rb:158:in `each'
    c:/Ruby186/lib/ruby/gems/1.8/gems/mongrel-1.1.5-x86-mingw32/lib/mongrel.rb:158:in `process_client'
    c:/Ruby186/lib/ruby/gems/1.8/gems/mongrel-1.1.5-x86-mingw32/lib/mongrel.rb:285:in `run'
    c:/Ruby186/lib/ruby/gems/1.8/gems/mongrel-1.1.5-x86-mingw32/lib/mongrel.rb:285:in `initialize'
    c:/Ruby186/lib/ruby/gems/1.8/gems/mongrel-1.1.5-x86-mingw32/lib/mongrel.rb:285:in `new'
    c:/Ruby186/lib/ruby/gems/1.8/gems/mongrel-1.1.5-x86-mingw32/lib/mongrel.rb:285:in `run'
    c:/Ruby186/lib/ruby/gems/1.8/gems/mongrel-1.1.5-x86-mingw32/lib/mongrel.rb:268:in `initialize'
    c:/Ruby186/lib/ruby/gems/1.8/gems/mongrel-1.1.5-x86-mingw32/lib/mongrel.rb:268:in `new'
    c:/Ruby186/lib/ruby/gems/1.8/gems/mongrel-1.1.5-x86-mingw32/lib/mongrel.rb:268:in `run'
    c:/Ruby186/lib/ruby/gems/1.8/gems/rack-1.1.0/lib/rack/handler/mongrel.rb:38:in `run'
    D:/spr/example_app/vendor/rails/railties/lib/commands/server.rb:111
    c:/Ruby186/lib/ruby/site_ruby/1.8/rubygems/custom_require.rb:29:in `gem_original_require'
    c:/Ruby186/lib/ruby/site_ruby/1.8/rubygems/custom_require.rb:29:in `require'
    script/server:3
/!\ FAILSAFE /!\  Tue May 24 10:59:52 +0530 2011
  Status: 500 Internal Server Error
  no such file to load -- sqlite3
    c:/Ruby186/lib/ruby/site_ruby/1.8/rubygems/custom_require.rb:29:in `gem_original_require'
    c:/Ruby186/lib/ruby/site_ruby/1.8/rubygems/custom_require.rb:29:in `require'
    D:/spr/example_app/vendor/rails/activesupport/lib/active_support/dependencies.rb:156:in `require'
    D:/spr/example_app/vendor/rails/activesupport/lib/active_support/dependencies.rb:521:in `new_constants_in'
    D:/spr/example_app/vendor/rails/activesupport/lib/active_support/dependencies.rb:156:in `require'
    D:/spr/example_app/vendor/rails/activesupport/lib/active_support/core_ext/kernel/requires.rb:7:in `require_library_or_gem'
    D:/spr/example_app/vendor/rails/activesupport/lib/active_support/core_ext/kernel/reporting.rb:11:in `silence_warnings'
    D:/spr/example_app/vendor/rails/activesupport/lib/active_support/core_ext/kernel/requires.rb:5:in `require_library_or_gem'
    D:/spr/example_app/vendor/rails/activerecord/lib/active_record/connection_adapters/sqlite3_adapter.rb:10:in `sqlite3_connection'
    D:/spr/example_app/vendor/rails/activerecord/lib/active_record/connection_adapters/abstract/connection_pool.rb:223:in `send'
    D:/spr/example_app/vendor/rails/activerecord/lib/active_record/connection_adapters/abstract/connection_pool.rb:223:in `new_connection'
    D:/spr/example_app/vendor/rails/activerecord/lib/active_record/connection_adapters/abstract/connection_pool.rb:245:in `checkout_new_connection'
    D:/spr/example_app/vendor/rails/activerecord/lib/active_record/connection_adapters/abstract/connection_pool.rb:188:in `checkout'
    D:/spr/example_app/vendor/rails/activerecord/lib/active_record/connection_adapters/abstract/connection_pool.rb:184:in `loop'
    D:/spr/example_app/vendor/rails/activerecord/lib/active_record/connection_adapters/abstract/connection_pool.rb:184:in `checkout'
    c:/Ruby186/lib/ruby/1.8/monitor.rb:242:in `synchronize'
    D:/spr/example_app/vendor/rails/activerecord/lib/active_record/connection_adapters/abstract/connection_pool.rb:183:in `checkout'
    D:/spr/example_app/vendor/rails/activerecord/lib/active_record/connection_adapters/abstract/connection_pool.rb:98:in `connection'
    D:/spr/example_app/vendor/rails/activerecord/lib/active_record/connection_adapters/abstract/connection_pool.rb:326:in `retrieve_connection'
    D:/spr/example_app/vendor/rails/activerecord/lib/active_record/connection_adapters/abstract/connection_specification.rb:123:in `retrieve_connection'
    D:/spr/example_app/vendor/rails/activerecord/lib/active_record/connection_adapters/abstract/connection_specification.rb:115:in `connection'
    D:/spr/example_app/vendor/rails/activerecord/lib/active_record/query_cache.rb:9:in `cache'
    D:/spr/example_app/vendor/rails/activerecord/lib/active_record/query_cache.rb:28:in `call'
    D:/spr/example_app/vendor/rails/activerecord/lib/active_record/connection_adapters/abstract/connection_pool.rb:361:in `call'
    D:/spr/example_app/vendor/rails/actionpack/lib/action_controller/string_coercion.rb:25:in `call'
    c:/Ruby186/lib/ruby/gems/1.8/gems/rack-1.1.0/lib/rack/head.rb:9:in `call'
    c:/Ruby186/lib/ruby/gems/1.8/gems/rack-1.1.0/lib/rack/methodoverride.rb:24:in `call'
    D:/spr/example_app/vendor/rails/actionpack/lib/action_controller/params_parser.rb:15:in `call'
    D:/spr/example_app/vendor/rails/actionpack/lib/action_controller/session/cookie_store.rb:99:in `call'
    D:/spr/example_app/vendor/rails/actionpack/lib/action_controller/failsafe.rb:26:in `call'
    c:/Ruby186/lib/ruby/gems/1.8/gems/rack-1.1.0/lib/rack/lock.rb:11:in `call'
    c:/Ruby186/lib/ruby/gems/1.8/gems/rack-1.1.0/lib/rack/lock.rb:11:in `synchronize'
    c:/Ruby186/lib/ruby/gems/1.8/gems/rack-1.1.0/lib/rack/lock.rb:11:in `call'
    D:/spr/example_app/vendor/rails/actionpack/lib/action_controller/dispatcher.rb:114:in `call'
    D:/spr/example_app/vendor/rails/actionpack/lib/action_controller/reloader.rb:34:in `run'
    D:/spr/example_app/vendor/rails/actionpack/lib/action_controller/dispatcher.rb:108:in `call'
    D:/spr/example_app/vendor/rails/railties/lib/rails/rack/static.rb:31:in `call'
    c:/Ruby186/lib/ruby/gems/1.8/gems/rack-1.1.0/lib/rack/urlmap.rb:47:in `call'
    c:/Ruby186/lib/ruby/gems/1.8/gems/rack-1.1.0/lib/rack/urlmap.rb:41:in `each'
    c:/Ruby186/lib/ruby/gems/1.8/gems/rack-1.1.0/lib/rack/urlmap.rb:41:in `call'
    D:/spr/example_app/vendor/rails/railties/lib/rails/rack/log_tailer.rb:17:in `call'
    c:/Ruby186/lib/ruby/gems/1.8/gems/rack-1.1.0/lib/rack/content_length.rb:13:in `call'
    c:/Ruby186/lib/ruby/gems/1.8/gems/rack-1.1.0/lib/rack/chunked.rb:15:in `call'
    c:/Ruby186/lib/ruby/gems/1.8/gems/rack-1.1.0/lib/rack/handler/mongrel.rb:67:in `process'
    c:/Ruby186/lib/ruby/gems/1.8/gems/mongrel-1.1.5-x86-mingw32/lib/mongrel.rb:159:in `process_client'
    c:/Ruby186/lib/ruby/gems/1.8/gems/mongrel-1.1.5-x86-mingw32/lib/mongrel.rb:158:in `each'
    c:/Ruby186/lib/ruby/gems/1.8/gems/mongrel-1.1.5-x86-mingw32/lib/mongrel.rb:158:in `process_client'
    c:/Ruby186/lib/ruby/gems/1.8/gems/mongrel-1.1.5-x86-mingw32/lib/mongrel.rb:285:in `run'
    c:/Ruby186/lib/ruby/gems/1.8/gems/mongrel-1.1.5-x86-mingw32/lib/mongrel.rb:285:in `initialize'
    c:/Ruby186/lib/ruby/gems/1.8/gems/mongrel-1.1.5-x86-mingw32/lib/mongrel.rb:285:in `new'
    c:/Ruby186/lib/ruby/gems/1.8/gems/mongrel-1.1.5-x86-mingw32/lib/mongrel.rb:285:in `run'
    c:/Ruby186/lib/ruby/gems/1.8/gems/mongrel-1.1.5-x86-mingw32/lib/mongrel.rb:268:in `initialize'
    c:/Ruby186/lib/ruby/gems/1.8/gems/mongrel-1.1.5-x86-mingw32/lib/mongrel.rb:268:in `new'
    c:/Ruby186/lib/ruby/gems/1.8/gems/mongrel-1.1.5-x86-mingw32/lib/mongrel.rb:268:in `run'
    c:/Ruby186/lib/ruby/gems/1.8/gems/rack-1.1.0/lib/rack/handler/mongrel.rb:38:in `run'
    D:/spr/example_app/vendor/rails/railties/lib/commands/server.rb:111
    c:/Ruby186/lib/ruby/site_ruby/1.8/rubygems/custom_require.rb:29:in `gem_original_require'
    c:/Ruby186/lib/ruby/site_ruby/1.8/rubygems/custom_require.rb:29:in `require'
    script/server:3
/!\ FAILSAFE /!\  Tue May 24 11:00:14 +0530 2011
  Status: 500 Internal Server Error
  no such file to load -- sqlite3
    c:/Ruby186/lib/ruby/site_ruby/1.8/rubygems/custom_require.rb:29:in `gem_original_require'
    c:/Ruby186/lib/ruby/site_ruby/1.8/rubygems/custom_require.rb:29:in `require'
    D:/spr/example_app/vendor/rails/activesupport/lib/active_support/dependencies.rb:156:in `require'
    D:/spr/example_app/vendor/rails/activesupport/lib/active_support/dependencies.rb:521:in `new_constants_in'
    D:/spr/example_app/vendor/rails/activesupport/lib/active_support/dependencies.rb:156:in `require'
    D:/spr/example_app/vendor/rails/activesupport/lib/active_support/core_ext/kernel/requires.rb:7:in `require_library_or_gem'
    D:/spr/example_app/vendor/rails/activesupport/lib/active_support/core_ext/kernel/reporting.rb:11:in `silence_warnings'
    D:/spr/example_app/vendor/rails/activesupport/lib/active_support/core_ext/kernel/requires.rb:5:in `require_library_or_gem'
    D:/spr/example_app/vendor/rails/activerecord/lib/active_record/connection_adapters/sqlite3_adapter.rb:10:in `sqlite3_connection'
    D:/spr/example_app/vendor/rails/activerecord/lib/active_record/connection_adapters/abstract/connection_pool.rb:223:in `send'
    D:/spr/example_app/vendor/rails/activerecord/lib/active_record/connection_adapters/abstract/connection_pool.rb:223:in `new_connection'
    D:/spr/example_app/vendor/rails/activerecord/lib/active_record/connection_adapters/abstract/connection_pool.rb:245:in `checkout_new_connection'
    D:/spr/example_app/vendor/rails/activerecord/lib/active_record/connection_adapters/abstract/connection_pool.rb:188:in `checkout'
    D:/spr/example_app/vendor/rails/activerecord/lib/active_record/connection_adapters/abstract/connection_pool.rb:184:in `loop'
    D:/spr/example_app/vendor/rails/activerecord/lib/active_record/connection_adapters/abstract/connection_pool.rb:184:in `checkout'
    c:/Ruby186/lib/ruby/1.8/monitor.rb:242:in `synchronize'
    D:/spr/example_app/vendor/rails/activerecord/lib/active_record/connection_adapters/abstract/connection_pool.rb:183:in `checkout'
    D:/spr/example_app/vendor/rails/activerecord/lib/active_record/connection_adapters/abstract/connection_pool.rb:98:in `connection'
    D:/spr/example_app/vendor/rails/activerecord/lib/active_record/connection_adapters/abstract/connection_pool.rb:326:in `retrieve_connection'
    D:/spr/example_app/vendor/rails/activerecord/lib/active_record/connection_adapters/abstract/connection_specification.rb:123:in `retrieve_connection'
    D:/spr/example_app/vendor/rails/activerecord/lib/active_record/connection_adapters/abstract/connection_specification.rb:115:in `connection'
    D:/spr/example_app/vendor/rails/activerecord/lib/active_record/query_cache.rb:9:in `cache'
    D:/spr/example_app/vendor/rails/activerecord/lib/active_record/query_cache.rb:28:in `call'
    D:/spr/example_app/vendor/rails/activerecord/lib/active_record/connection_adapters/abstract/connection_pool.rb:361:in `call'
    D:/spr/example_app/vendor/rails/actionpack/lib/action_controller/string_coercion.rb:25:in `call'
    c:/Ruby186/lib/ruby/gems/1.8/gems/rack-1.1.0/lib/rack/head.rb:9:in `call'
    c:/Ruby186/lib/ruby/gems/1.8/gems/rack-1.1.0/lib/rack/methodoverride.rb:24:in `call'
    D:/spr/example_app/vendor/rails/actionpack/lib/action_controller/params_parser.rb:15:in `call'
    D:/spr/example_app/vendor/rails/actionpack/lib/action_controller/session/cookie_store.rb:99:in `call'
    D:/spr/example_app/vendor/rails/actionpack/lib/action_controller/failsafe.rb:26:in `call'
    c:/Ruby186/lib/ruby/gems/1.8/gems/rack-1.1.0/lib/rack/lock.rb:11:in `call'
    c:/Ruby186/lib/ruby/gems/1.8/gems/rack-1.1.0/lib/rack/lock.rb:11:in `synchronize'
    c:/Ruby186/lib/ruby/gems/1.8/gems/rack-1.1.0/lib/rack/lock.rb:11:in `call'
    D:/spr/example_app/vendor/rails/actionpack/lib/action_controller/dispatcher.rb:114:in `call'
    D:/spr/example_app/vendor/rails/actionpack/lib/action_controller/reloader.rb:34:in `run'
    D:/spr/example_app/vendor/rails/actionpack/lib/action_controller/dispatcher.rb:108:in `call'
    D:/spr/example_app/vendor/rails/railties/lib/rails/rack/static.rb:31:in `call'
    c:/Ruby186/lib/ruby/gems/1.8/gems/rack-1.1.0/lib/rack/urlmap.rb:47:in `call'
    c:/Ruby186/lib/ruby/gems/1.8/gems/rack-1.1.0/lib/rack/urlmap.rb:41:in `each'
    c:/Ruby186/lib/ruby/gems/1.8/gems/rack-1.1.0/lib/rack/urlmap.rb:41:in `call'
    D:/spr/example_app/vendor/rails/railties/lib/rails/rack/log_tailer.rb:17:in `call'
    c:/Ruby186/lib/ruby/gems/1.8/gems/rack-1.1.0/lib/rack/content_length.rb:13:in `call'
    c:/Ruby186/lib/ruby/gems/1.8/gems/rack-1.1.0/lib/rack/chunked.rb:15:in `call'
    c:/Ruby186/lib/ruby/gems/1.8/gems/rack-1.1.0/lib/rack/handler/mongrel.rb:67:in `process'
    c:/Ruby186/lib/ruby/gems/1.8/gems/mongrel-1.1.5-x86-mingw32/lib/mongrel.rb:159:in `process_client'
    c:/Ruby186/lib/ruby/gems/1.8/gems/mongrel-1.1.5-x86-mingw32/lib/mongrel.rb:158:in `each'
    c:/Ruby186/lib/ruby/gems/1.8/gems/mongrel-1.1.5-x86-mingw32/lib/mongrel.rb:158:in `process_client'
    c:/Ruby186/lib/ruby/gems/1.8/gems/mongrel-1.1.5-x86-mingw32/lib/mongrel.rb:285:in `run'
    c:/Ruby186/lib/ruby/gems/1.8/gems/mongrel-1.1.5-x86-mingw32/lib/mongrel.rb:285:in `initialize'
    c:/Ruby186/lib/ruby/gems/1.8/gems/mongrel-1.1.5-x86-mingw32/lib/mongrel.rb:285:in `new'
    c:/Ruby186/lib/ruby/gems/1.8/gems/mongrel-1.1.5-x86-mingw32/lib/mongrel.rb:285:in `run'
    c:/Ruby186/lib/ruby/gems/1.8/gems/mongrel-1.1.5-x86-mingw32/lib/mongrel.rb:268:in `initialize'
    c:/Ruby186/lib/ruby/gems/1.8/gems/mongrel-1.1.5-x86-mingw32/lib/mongrel.rb:268:in `new'
    c:/Ruby186/lib/ruby/gems/1.8/gems/mongrel-1.1.5-x86-mingw32/lib/mongrel.rb:268:in `run'
    c:/Ruby186/lib/ruby/gems/1.8/gems/rack-1.1.0/lib/rack/handler/mongrel.rb:38:in `run'
    D:/spr/example_app/vendor/rails/railties/lib/commands/server.rb:111
    c:/Ruby186/lib/ruby/site_ruby/1.8/rubygems/custom_require.rb:29:in `gem_original_require'
    c:/Ruby186/lib/ruby/site_ruby/1.8/rubygems/custom_require.rb:29:in `require'
    script/server:3
/!\ FAILSAFE /!\  Tue May 24 11:00:20 +0530 2011
  Status: 500 Internal Server Error
  no such file to load -- sqlite3
    c:/Ruby186/lib/ruby/site_ruby/1.8/rubygems/custom_require.rb:29:in `gem_original_require'
    c:/Ruby186/lib/ruby/site_ruby/1.8/rubygems/custom_require.rb:29:in `require'
    D:/spr/example_app/vendor/rails/activesupport/lib/active_support/dependencies.rb:156:in `require'
    D:/spr/example_app/vendor/rails/activesupport/lib/active_support/dependencies.rb:521:in `new_constants_in'
    D:/spr/example_app/vendor/rails/activesupport/lib/active_support/dependencies.rb:156:in `require'
    D:/spr/example_app/vendor/rails/activesupport/lib/active_support/core_ext/kernel/requires.rb:7:in `require_library_or_gem'
    D:/spr/example_app/vendor/rails/activesupport/lib/active_support/core_ext/kernel/reporting.rb:11:in `silence_warnings'
    D:/spr/example_app/vendor/rails/activesupport/lib/active_support/core_ext/kernel/requires.rb:5:in `require_library_or_gem'
    D:/spr/example_app/vendor/rails/activerecord/lib/active_record/connection_adapters/sqlite3_adapter.rb:10:in `sqlite3_connection'
    D:/spr/example_app/vendor/rails/activerecord/lib/active_record/connection_adapters/abstract/connection_pool.rb:223:in `send'
    D:/spr/example_app/vendor/rails/activerecord/lib/active_record/connection_adapters/abstract/connection_pool.rb:223:in `new_connection'
    D:/spr/example_app/vendor/rails/activerecord/lib/active_record/connection_adapters/abstract/connection_pool.rb:245:in `checkout_new_connection'
    D:/spr/example_app/vendor/rails/activerecord/lib/active_record/connection_adapters/abstract/connection_pool.rb:188:in `checkout'
    D:/spr/example_app/vendor/rails/activerecord/lib/active_record/connection_adapters/abstract/connection_pool.rb:184:in `loop'
    D:/spr/example_app/vendor/rails/activerecord/lib/active_record/connection_adapters/abstract/connection_pool.rb:184:in `checkout'
    c:/Ruby186/lib/ruby/1.8/monitor.rb:242:in `synchronize'
    D:/spr/example_app/vendor/rails/activerecord/lib/active_record/connection_adapters/abstract/connection_pool.rb:183:in `checkout'
    D:/spr/example_app/vendor/rails/activerecord/lib/active_record/connection_adapters/abstract/connection_pool.rb:98:in `connection'
    D:/spr/example_app/vendor/rails/activerecord/lib/active_record/connection_adapters/abstract/connection_pool.rb:326:in `retrieve_connection'
    D:/spr/example_app/vendor/rails/activerecord/lib/active_record/connection_adapters/abstract/connection_specification.rb:123:in `retrieve_connection'
    D:/spr/example_app/vendor/rails/activerecord/lib/active_record/connection_adapters/abstract/connection_specification.rb:115:in `connection'
    D:/spr/example_app/vendor/rails/activerecord/lib/active_record/query_cache.rb:9:in `cache'
    D:/spr/example_app/vendor/rails/activerecord/lib/active_record/query_cache.rb:28:in `call'
    D:/spr/example_app/vendor/rails/activerecord/lib/active_record/connection_adapters/abstract/connection_pool.rb:361:in `call'
    D:/spr/example_app/vendor/rails/actionpack/lib/action_controller/string_coercion.rb:25:in `call'
    c:/Ruby186/lib/ruby/gems/1.8/gems/rack-1.1.0/lib/rack/head.rb:9:in `call'
    c:/Ruby186/lib/ruby/gems/1.8/gems/rack-1.1.0/lib/rack/methodoverride.rb:24:in `call'
    D:/spr/example_app/vendor/rails/actionpack/lib/action_controller/params_parser.rb:15:in `call'
    D:/spr/example_app/vendor/rails/actionpack/lib/action_controller/session/cookie_store.rb:99:in `call'
    D:/spr/example_app/vendor/rails/actionpack/lib/action_controller/failsafe.rb:26:in `call'
    c:/Ruby186/lib/ruby/gems/1.8/gems/rack-1.1.0/lib/rack/lock.rb:11:in `call'
    c:/Ruby186/lib/ruby/gems/1.8/gems/rack-1.1.0/lib/rack/lock.rb:11:in `synchronize'
    c:/Ruby186/lib/ruby/gems/1.8/gems/rack-1.1.0/lib/rack/lock.rb:11:in `call'
    D:/spr/example_app/vendor/rails/actionpack/lib/action_controller/dispatcher.rb:114:in `call'
    D:/spr/example_app/vendor/rails/actionpack/lib/action_controller/reloader.rb:34:in `run'
    D:/spr/example_app/vendor/rails/actionpack/lib/action_controller/dispatcher.rb:108:in `call'
    D:/spr/example_app/vendor/rails/railties/lib/rails/rack/static.rb:31:in `call'
    c:/Ruby186/lib/ruby/gems/1.8/gems/rack-1.1.0/lib/rack/urlmap.rb:47:in `call'
    c:/Ruby186/lib/ruby/gems/1.8/gems/rack-1.1.0/lib/rack/urlmap.rb:41:in `each'
    c:/Ruby186/lib/ruby/gems/1.8/gems/rack-1.1.0/lib/rack/urlmap.rb:41:in `call'
    D:/spr/example_app/vendor/rails/railties/lib/rails/rack/log_tailer.rb:17:in `call'
    c:/Ruby186/lib/ruby/gems/1.8/gems/rack-1.1.0/lib/rack/content_length.rb:13:in `call'
    c:/Ruby186/lib/ruby/gems/1.8/gems/rack-1.1.0/lib/rack/chunked.rb:15:in `call'
    c:/Ruby186/lib/ruby/gems/1.8/gems/rack-1.1.0/lib/rack/handler/mongrel.rb:67:in `process'
    c:/Ruby186/lib/ruby/gems/1.8/gems/mongrel-1.1.5-x86-mingw32/lib/mongrel.rb:159:in `process_client'
    c:/Ruby186/lib/ruby/gems/1.8/gems/mongrel-1.1.5-x86-mingw32/lib/mongrel.rb:158:in `each'
    c:/Ruby186/lib/ruby/gems/1.8/gems/mongrel-1.1.5-x86-mingw32/lib/mongrel.rb:158:in `process_client'
    c:/Ruby186/lib/ruby/gems/1.8/gems/mongrel-1.1.5-x86-mingw32/lib/mongrel.rb:285:in `run'
    c:/Ruby186/lib/ruby/gems/1.8/gems/mongrel-1.1.5-x86-mingw32/lib/mongrel.rb:285:in `initialize'
    c:/Ruby186/lib/ruby/gems/1.8/gems/mongrel-1.1.5-x86-mingw32/lib/mongrel.rb:285:in `new'
    c:/Ruby186/lib/ruby/gems/1.8/gems/mongrel-1.1.5-x86-mingw32/lib/mongrel.rb:285:in `run'
    c:/Ruby186/lib/ruby/gems/1.8/gems/mongrel-1.1.5-x86-mingw32/lib/mongrel.rb:268:in `initialize'
    c:/Ruby186/lib/ruby/gems/1.8/gems/mongrel-1.1.5-x86-mingw32/lib/mongrel.rb:268:in `new'
    c:/Ruby186/lib/ruby/gems/1.8/gems/mongrel-1.1.5-x86-mingw32/lib/mongrel.rb:268:in `run'
    c:/Ruby186/lib/ruby/gems/1.8/gems/rack-1.1.0/lib/rack/handler/mongrel.rb:38:in `run'
    D:/spr/example_app/vendor/rails/railties/lib/commands/server.rb:111
    c:/Ruby186/lib/ruby/site_ruby/1.8/rubygems/custom_require.rb:29:in `gem_original_require'
    c:/Ruby186/lib/ruby/site_ruby/1.8/rubygems/custom_require.rb:29:in `require'
    script/server:3
  [4;36;1mSQL (0.0ms)[0m   [0;1mSET NAMES 'utf8'[0m
  [4;35;1mSQL (0.0ms)[0m   [0mSET SQL_AUTO_IS_NULL=0[0m


Processing UsersController#index (for 127.0.0.1 at 2011-05-24 11:01:45) [GET]
  [4;36;1mUser Load (0.0ms)[0m   [0;1mSELECT * FROM `users` [0m
Rendering template within layouts/users
Rendering users/index
  [4;35;1mUser Columns (0.0ms)[0m   [0mSHOW FIELDS FROM `users`[0m
Completed in 125ms (View: 109, DB: 0) | 200 OK [http://localhost/]
  [4;36;1mSQL (0.0ms)[0m   [0;1mSET NAMES 'utf8'[0m
  [4;35;1mSQL (0.0ms)[0m   [0mSET SQL_AUTO_IS_NULL=0[0m


Processing UsersController#new (for 127.0.0.1 at 2011-05-24 11:01:48) [GET]
  [4;36;1mUser Columns (15.6ms)[0m   [0;1mSHOW FIELDS FROM `users`[0m
Rendering template within layouts/users
Rendering users/new
ERROR: compiling _run_erb_app47views47users47new46html46erb RAISED compile error
D:/spr/example_app/app/views/users/new.html.erb:3: syntax error, unexpected ')'
... {:multipart => true} do |f| ).to_s); @output_buffer.concat ...
                              ^
D:/spr/example_app/app/views/users/new.html.erb:24: syntax error, unexpected kENSURE, expecting ')'
D:/spr/example_app/app/views/users/new.html.erb:26: syntax error, unexpected kEND, expecting ')'
Function body:           def _run_erb_app47views47users47new46html46erb(local_assigns)
            old_output_buffer = output_buffer;;@output_buffer = '';  __in_erb_template=true ; @output_buffer.concat "<h1>New user</h1>\n"
@output_buffer.concat "\n"
@output_buffer.concat(( form_for @user, :html => {:multipart => true} do |f| ).to_s); @output_buffer.concat "\n"
@output_buffer.concat "  "; @output_buffer.concat(( f.error_messages ).to_s); @output_buffer.concat "\n"
@output_buffer.concat "\n"
@output_buffer.concat "  <p>\n"
@output_buffer.concat "    "; @output_buffer.concat(( f.label :name ).to_s); @output_buffer.concat "<br />\n"
@output_buffer.concat "    "; @output_buffer.concat(( f.text_field :name ).to_s); @output_buffer.concat "\n"
@output_buffer.concat "  </p>\n"
@output_buffer.concat "  <p>\n"
@output_buffer.concat "    "; @output_buffer.concat(( f.label :email ).to_s); @output_buffer.concat "<br />\n"
@output_buffer.concat "    "; @output_buffer.concat(( f.text_field :email ).to_s); @output_buffer.concat "\n"
@output_buffer.concat "  </p>\n"
@output_buffer.concat " <p>\n"
@output_buffer.concat "    "; @output_buffer.concat(( f.label :avatar ).to_s); @output_buffer.concat "<br />\n"
@output_buffer.concat "           "; @output_buffer.concat(( f.file_field :avatar ).to_s); @output_buffer.concat "\n"
@output_buffer.concat "  </p>\n"
@output_buffer.concat "  <p>\n"
@output_buffer.concat "    "; @output_buffer.concat(( f.submit 'Create' ).to_s); @output_buffer.concat "\n"
@output_buffer.concat "  </p>\n"
 end ; @output_buffer.concat "\n"
@output_buffer.concat "\n"
@output_buffer.concat(( link_to 'Back', users_path ).to_s); @output_buffer
          ensure
            self.output_buffer = old_output_buffer
          end
Backtrace: D:/spr/example_app/app/views/users/new.html.erb:26:in `compile!'
D:/spr/example_app/vendor/rails/actionpack/lib/action_view/renderable.rb:61:in `compile'
D:/spr/example_app/vendor/rails/actionpack/lib/action_view/renderable.rb:28:in `render'
D:/spr/example_app/vendor/rails/actionpack/lib/action_view/template.rb:205:in `render_template'
D:/spr/example_app/vendor/rails/actionpack/lib/action_view/base.rb:265:in `render'
D:/spr/example_app/vendor/rails/actionpack/lib/action_view/base.rb:348:in `_render_with_layout'
D:/spr/example_app/vendor/rails/actionpack/lib/action_view/base.rb:262:in `render'
D:/spr/example_app/vendor/rails/actionpack/lib/action_controller/base.rb:1250:in `render_for_file'
D:/spr/example_app/vendor/rails/actionpack/lib/action_controller/base.rb:942:in `render_without_benchmark'
D:/spr/example_app/vendor/rails/actionpack/lib/action_controller/benchmarking.rb:51:in `render'
D:/spr/example_app/vendor/rails/activesupport/lib/active_support/core_ext/benchmark.rb:17:in `ms'
D:/spr/example_app/vendor/rails/activesupport/lib/active_support/core_ext/benchmark.rb:10:in `realtime'
D:/spr/example_app/vendor/rails/activesupport/lib/active_support/core_ext/benchmark.rb:17:in `ms'
D:/spr/example_app/vendor/rails/actionpack/lib/action_controller/benchmarking.rb:51:in `render'
D:/spr/example_app/vendor/rails/actionpack/lib/action_controller/mime_responds.rb:135:in `send'
D:/spr/example_app/vendor/rails/actionpack/lib/action_controller/mime_responds.rb:135:in `custom'
D:/spr/example_app/vendor/rails/actionpack/lib/action_controller/mime_responds.rb:179:in `call'
D:/spr/example_app/vendor/rails/actionpack/lib/action_controller/mime_responds.rb:179:in `respond'
D:/spr/example_app/vendor/rails/actionpack/lib/action_controller/mime_responds.rb:173:in `each'
D:/spr/example_app/vendor/rails/actionpack/lib/action_controller/mime_responds.rb:173:in `respond'
D:/spr/example_app/vendor/rails/actionpack/lib/action_controller/mime_responds.rb:107:in `respond_to'
D:/spr/example_app/app/controllers/users_controller.rb:29:in `new'
D:/spr/example_app/vendor/rails/actionpack/lib/action_controller/base.rb:1331:in `send'
D:/spr/example_app/vendor/rails/actionpack/lib/action_controller/base.rb:1331:in `perform_action_without_filters'
D:/spr/example_app/vendor/rails/actionpack/lib/action_controller/filters.rb:617:in `call_filters'
D:/spr/example_app/vendor/rails/actionpack/lib/action_controller/filters.rb:610:in `perform_action_without_benchmark'
D:/spr/example_app/vendor/rails/actionpack/lib/action_controller/benchmarking.rb:68:in `perform_action_without_rescue'
D:/spr/example_app/vendor/rails/activesupport/lib/active_support/core_ext/benchmark.rb:17:in `ms'
D:/spr/example_app/vendor/rails/activesupport/lib/active_support/core_ext/benchmark.rb:10:in `realtime'
D:/spr/example_app/vendor/rails/activesupport/lib/active_support/core_ext/benchmark.rb:17:in `ms'
D:/spr/example_app/vendor/rails/actionpack/lib/action_controller/benchmarking.rb:68:in `perform_action_without_rescue'
D:/spr/example_app/vendor/rails/actionpack/lib/action_controller/rescue.rb:160:in `perform_action_without_flash'
D:/spr/example_app/vendor/rails/actionpack/lib/action_controller/flash.rb:151:in `perform_action'
D:/spr/example_app/vendor/rails/actionpack/lib/action_controller/base.rb:532:in `send'
D:/spr/example_app/vendor/rails/actionpack/lib/action_controller/base.rb:532:in `process_without_filters'
D:/spr/example_app/vendor/rails/actionpack/lib/action_controller/filters.rb:606:in `process'
D:/spr/example_app/vendor/rails/actionpack/lib/action_controller/base.rb:391:in `process'
D:/spr/example_app/vendor/rails/actionpack/lib/action_controller/base.rb:386:in `call'
D:/spr/example_app/vendor/rails/actionpack/lib/action_controller/routing/route_set.rb:438:in `call'
D:/spr/example_app/vendor/rails/actionpack/lib/action_controller/dispatcher.rb:87:in `dispatch'
D:/spr/example_app/vendor/rails/actionpack/lib/action_controller/dispatcher.rb:121:in `_call'
D:/spr/example_app/vendor/rails/actionpack/lib/action_controller/dispatcher.rb:130:in `build_middleware_stack'
D:/spr/example_app/vendor/rails/activerecord/lib/active_record/query_cache.rb:29:in `call'
D:/spr/example_app/vendor/rails/activerecord/lib/active_record/query_cache.rb:29:in `call'
D:/spr/example_app/vendor/rails/activerecord/lib/active_record/connection_adapters/abstract/query_cache.rb:34:in `cache'
D:/spr/example_app/vendor/rails/activerecord/lib/active_record/query_cache.rb:9:in `cache'
D:/spr/example_app/vendor/rails/activerecord/lib/active_record/query_cache.rb:28:in `call'
D:/spr/example_app/vendor/rails/activerecord/lib/active_record/connection_adapters/abstract/connection_pool.rb:361:in `call'
D:/spr/example_app/vendor/rails/actionpack/lib/action_controller/string_coercion.rb:25:in `call'
c:/Ruby186/lib/ruby/gems/1.8/gems/rack-1.1.0/lib/rack/head.rb:9:in `call'
c:/Ruby186/lib/ruby/gems/1.8/gems/rack-1.1.0/lib/rack/methodoverride.rb:24:in `call'
D:/spr/example_app/vendor/rails/actionpack/lib/action_controller/params_parser.rb:15:in `call'
D:/spr/example_app/vendor/rails/actionpack/lib/action_controller/session/cookie_store.rb:99:in `call'
D:/spr/example_app/vendor/rails/actionpack/lib/action_controller/failsafe.rb:26:in `call'
c:/Ruby186/lib/ruby/gems/1.8/gems/rack-1.1.0/lib/rack/lock.rb:11:in `call'
c:/Ruby186/lib/ruby/gems/1.8/gems/rack-1.1.0/lib/rack/lock.rb:11:in `synchronize'
c:/Ruby186/lib/ruby/gems/1.8/gems/rack-1.1.0/lib/rack/lock.rb:11:in `call'
D:/spr/example_app/vendor/rails/actionpack/lib/action_controller/dispatcher.rb:114:in `call'
D:/spr/example_app/vendor/rails/actionpack/lib/action_controller/reloader.rb:34:in `run'
D:/spr/example_app/vendor/rails/actionpack/lib/action_controller/dispatcher.rb:108:in `call'
D:/spr/example_app/vendor/rails/railties/lib/rails/rack/static.rb:31:in `call'
c:/Ruby186/lib/ruby/gems/1.8/gems/rack-1.1.0/lib/rack/urlmap.rb:47:in `call'
c:/Ruby186/lib/ruby/gems/1.8/gems/rack-1.1.0/lib/rack/urlmap.rb:41:in `each'
c:/Ruby186/lib/ruby/gems/1.8/gems/rack-1.1.0/lib/rack/urlmap.rb:41:in `call'
D:/spr/example_app/vendor/rails/railties/lib/rails/rack/log_tailer.rb:17:in `call'
c:/Ruby186/lib/ruby/gems/1.8/gems/rack-1.1.0/lib/rack/content_length.rb:13:in `call'
c:/Ruby186/lib/ruby/gems/1.8/gems/rack-1.1.0/lib/rack/chunked.rb:15:in `call'
c:/Ruby186/lib/ruby/gems/1.8/gems/rack-1.1.0/lib/rack/handler/mongrel.rb:67:in `process'
c:/Ruby186/lib/ruby/gems/1.8/gems/mongrel-1.1.5-x86-mingw32/lib/mongrel.rb:159:in `process_client'
c:/Ruby186/lib/ruby/gems/1.8/gems/mongrel-1.1.5-x86-mingw32/lib/mongrel.rb:158:in `each'
c:/Ruby186/lib/ruby/gems/1.8/gems/mongrel-1.1.5-x86-mingw32/lib/mongrel.rb:158:in `process_client'
c:/Ruby186/lib/ruby/gems/1.8/gems/mongrel-1.1.5-x86-mingw32/lib/mongrel.rb:285:in `run'
c:/Ruby186/lib/ruby/gems/1.8/gems/mongrel-1.1.5-x86-mingw32/lib/mongrel.rb:285:in `initialize'
c:/Ruby186/lib/ruby/gems/1.8/gems/mongrel-1.1.5-x86-mingw32/lib/mongrel.rb:285:in `new'
c:/Ruby186/lib/ruby/gems/1.8/gems/mongrel-1.1.5-x86-mingw32/lib/mongrel.rb:285:in `run'
c:/Ruby186/lib/ruby/gems/1.8/gems/mongrel-1.1.5-x86-mingw32/lib/mongrel.rb:268:in `initialize'
c:/Ruby186/lib/ruby/gems/1.8/gems/mongrel-1.1.5-x86-mingw32/lib/mongrel.rb:268:in `new'
c:/Ruby186/lib/ruby/gems/1.8/gems/mongrel-1.1.5-x86-mingw32/lib/mongrel.rb:268:in `run'
c:/Ruby186/lib/ruby/gems/1.8/gems/rack-1.1.0/lib/rack/handler/mongrel.rb:38:in `run'
D:/spr/example_app/vendor/rails/railties/lib/commands/server.rb:111
c:/Ruby186/lib/ruby/site_ruby/1.8/rubygems/custom_require.rb:29:in `gem_original_require'
c:/Ruby186/lib/ruby/site_ruby/1.8/rubygems/custom_require.rb:29:in `require'
script/server:3

ActionView::TemplateError (compile error
D:/spr/example_app/app/views/users/new.html.erb:3: syntax error, unexpected ')'
... {:multipart => true} do |f| ).to_s); @output_buffer.concat ...
                              ^
D:/spr/example_app/app/views/users/new.html.erb:24: syntax error, unexpected kENSURE, expecting ')'
D:/spr/example_app/app/views/users/new.html.erb:26: syntax error, unexpected kEND, expecting ')') on line #3 of app/views/users/new.html.erb:
1: <h1>New user</h1>
2: 
3: <%= form_for @user, :html => {:multipart => true} do |f| %>
4:   <%= f.error_messages %>
5: 
6:   <p>

    app/views/users/new.html.erb:26:in `compile!'
    app/controllers/users_controller.rb:29:in `new'

Rendered rescues/_trace (109.4ms)
Rendered rescues/_request_and_response (15.6ms)
Rendering rescues/layout (internal_server_error)
  [4;35;1mSQL (15.6ms)[0m   [0mSET NAMES 'utf8'[0m
  [4;36;1mSQL (0.0ms)[0m   [0;1mSET SQL_AUTO_IS_NULL=0[0m


Processing UsersController#new (for 127.0.0.1 at 2011-05-24 11:02:23) [GET]
  [4;35;1mUser Columns (0.0ms)[0m   [0mSHOW FIELDS FROM `users`[0m
Rendering template within layouts/users
Rendering users/new
Completed in 78ms (View: 47, DB: 16) | 200 OK [http://localhost/users/new]
  [4;36;1mSQL (0.0ms)[0m   [0;1mSET NAMES 'utf8'[0m
  [4;35;1mSQL (0.0ms)[0m   [0mSET SQL_AUTO_IS_NULL=0[0m


Processing UsersController#create (for 127.0.0.1 at 2011-05-24 11:02:49) [POST]
  Parameters: {"user"=>{"name"=>"sdefds", "avatar"=>#<File:C:/DOCUME~1/Anu/LOCALS~1/Temp/RackMultipart.4628.0>, "email"=>"nyros123@gmail.com"}, "commit"=>"Create", "authenticity_token"=>"74+mZzD3MsQ1HO0xzyi5y4d2N5ekC9WZcAQrD/NIF8Y="}
  [4;36;1mUser Columns (0.0ms)[0m   [0;1mSHOW FIELDS FROM `users`[0m

Paperclip::PaperclipError (User model missing required attr_accessor for 'avatar_file_name'):
  app/controllers/users_controller.rb:43:in `new'
  app/controllers/users_controller.rb:43:in `create'

Rendered rescues/_trace (93.8ms)
Rendered rescues/_request_and_response (0.0ms)
Rendering rescues/layout (internal_server_error)
  [4;36;1mSQL (0.0ms)[0m   [0;1mSET NAMES 'utf8'[0m
  [4;35;1mSQL (0.0ms)[0m   [0mSET SQL_AUTO_IS_NULL=0[0m
  [4;36;1mSQL (0.0ms)[0m   [0;1mSHOW TABLES[0m
  [4;35;1mSQL (0.0ms)[0m   [0mSELECT version FROM schema_migrations[0m
  [4;36;1mSQL (0.0ms)[0m   [0;1mSHOW TABLES[0m
  [4;35;1mSQL (0.0ms)[0m   [0mSELECT version FROM schema_migrations[0m
Migrating to AddFiledsToUsers (20110524051355)
  [4;36;1mSQL (250.0ms)[0m   [0;1mALTER TABLE `users` DROP `avatar`[0m
  [4;35;1mSQL (31.2ms)[0m   [0mDELETE FROM schema_migrations WHERE version = '20110524051355'[0m
  [4;36;1mSQL (15.6ms)[0m   [0;1mSHOW TABLES[0m
  [4;35;1mSQL (0.0ms)[0m   [0mSELECT version FROM schema_migrations[0m
  [4;36;1mSQL (0.0ms)[0m   [0;1mSHOW TABLES[0m
  [4;35;1mSQL (0.0ms)[0m   [0mSHOW FIELDS FROM `users`[0m
  [4;36;1mSQL (15.6ms)[0m   [0;1mdescribe `users`[0m
  [4;35;1mSQL (0.0ms)[0m   [0mSHOW KEYS FROM `users`[0m
  [4;36;1mSQL (0.0ms)[0m   [0;1mSET NAMES 'utf8'[0m
  [4;35;1mSQL (0.0ms)[0m   [0mSET SQL_AUTO_IS_NULL=0[0m
  [4;36;1mSQL (15.6ms)[0m   [0;1mSHOW TABLES[0m
  [4;35;1mSQL (0.0ms)[0m   [0mSELECT version FROM schema_migrations[0m
Migrating to CreateUsers (20110522103032)
Migrating to AddFiledsToUsers (20110524051355)
  [4;36;1mSQL (218.8ms)[0m   [0;1mALTER TABLE `users` ADD `avatar` varchar(255)[0m
  [4;35;1mSQL (171.9ms)[0m   [0mALTER TABLE `users` ADD `avatar_file_name` varchar(255)[0m
  [4;36;1mSQL (187.5ms)[0m   [0;1mALTER TABLE `users` ADD `avatar_content_type` varchar(255)[0m
  [4;35;1mSQL (156.2ms)[0m   [0mALTER TABLE `users` ADD `avatar_file_size` int(11)[0m
  [4;36;1mSQL (15.6ms)[0m   [0;1mINSERT INTO schema_migrations (version) VALUES ('20110524051355')[0m
  [4;35;1mSQL (0.0ms)[0m   [0mSHOW TABLES[0m
  [4;36;1mSQL (0.0ms)[0m   [0;1mSELECT version FROM schema_migrations[0m
  [4;35;1mSQL (15.6ms)[0m   [0mSHOW TABLES[0m
  [4;36;1mSQL (0.0ms)[0m   [0;1mSHOW FIELDS FROM `users`[0m
  [4;35;1mSQL (15.6ms)[0m   [0mdescribe `users`[0m
  [4;36;1mSQL (0.0ms)[0m   [0;1mSHOW KEYS FROM `users`[0m
  [4;35;1mSQL (0.0ms)[0m   [0mSET NAMES 'utf8'[0m
  [4;36;1mSQL (0.0ms)[0m   [0;1mSET SQL_AUTO_IS_NULL=0[0m


Processing UsersController#create (for 127.0.0.1 at 2011-05-24 11:07:20) [POST]
  Parameters: {"user"=>{"name"=>"sdefds", "avatar"=>#<File:C:/DOCUME~1/Anu/LOCALS~1/Temp/RackMultipart.4628.1>, "email"=>"nyros123@gmail.com"}, "commit"=>"Create", "authenticity_token"=>"74+mZzD3MsQ1HO0xzyi5y4d2N5ekC9WZcAQrD/NIF8Y="}
  [4;35;1mUser Columns (15.6ms)[0m   [0mSHOW FIELDS FROM `users`[0m
[paperclip] identify -format %wx%h "C:/DOCUME~1/Anu/LOCALS~1/Temp/stream110524-4628-1rau8yq-0.jpg[0]" 2>NUL
[paperclip] An error was received while processing: #<Paperclip::NotIdentifiedByImageMagickError: C:/DOCUME~1/Anu/LOCALS~1/Temp/stream110524-4628-1rau8yq-0.jpg is not recognized by the 'identify' command.>
[paperclip] identify -format %wx%h "C:/DOCUME~1/Anu/LOCALS~1/Temp/stream110524-4628-1rau8yq-0.jpg[0]" 2>NUL
[paperclip] convert "C:/DOCUME~1/Anu/LOCALS~1/Temp/stream110524-4628-1rau8yq-0.jpg[0]" -resize "x30" -crop "30x30+5+0" +repage "C:/DOCUME~1/Anu/LOCALS~1/Temp/stream110524-4628-1rau8yq-0110524-4628-1u608bc-0.png" 2>NUL
[paperclip] identify -format %wx%h "C:/DOCUME~1/Anu/LOCALS~1/Temp/stream110524-4628-1rau8yq-0.jpg[0]" 2>NUL
[paperclip] convert "C:/DOCUME~1/Anu/LOCALS~1/Temp/stream110524-4628-1rau8yq-0.jpg[0]" -resize "150x150!" "C:/DOCUME~1/Anu/LOCALS~1/Temp/stream110524-4628-1rau8yq-0110524-4628-1yltpuv-0" 2>NUL
  [4;36;1mSQL (0.0ms)[0m   [0;1mBEGIN[0m
  [4;35;1mUser Create (0.0ms)[0m   [0mINSERT INTO `users` (`name`, `updated_at`, `avatar_file_name`, `avatar_file_size`, `avatar_content_type`, `avatar`, `email`, `created_at`) VALUES('sdefds', '2011-05-24 05:37:28', 'Water lilies.jpg', 83794, 'image/jpeg', NULL, 'nyros123@gmail.com', '2011-05-24 05:37:28')[0m
[paperclip] Saving attachments.
[paperclip] saving D:/spr/example_app/public/system/avatars/2/thumb/Water lilies.png
[paperclip] saving D:/spr/example_app/public/system/avatars/2/original/Water lilies.jpg
[paperclip] saving D:/spr/example_app/public/system/avatars/2/medium/Water lilies.jpg
  [4;36;1mSQL (31.2ms)[0m   [0;1mCOMMIT[0m
Redirected to http://localhost:3000/users/2
Completed in 7328ms (DB: 47) | 302 Found [http://localhost/users]
  [4;35;1mSQL (0.0ms)[0m   [0mSET NAMES 'utf8'[0m
  [4;36;1mSQL (0.0ms)[0m   [0;1mSET SQL_AUTO_IS_NULL=0[0m


Processing UsersController#show (for 127.0.0.1 at 2011-05-24 11:07:28) [GET]
  Parameters: {"id"=>"2"}
  [4;35;1mUser Columns (0.0ms)[0m   [0mSHOW FIELDS FROM `users`[0m
  [4;36;1mUser Load (0.0ms)[0m   [0;1mSELECT * FROM `users` WHERE (`users`.`id` = 2) [0m
Rendering template within layouts/users
Rendering users/show
Completed in 47ms (View: 16, DB: 0) | 200 OK [http://localhost/users/2]
  [4;35;1mSQL (0.0ms)[0m   [0mSET NAMES 'utf8'[0m
  [4;36;1mSQL (0.0ms)[0m   [0;1mSET SQL_AUTO_IS_NULL=0[0m


Processing UsersController#index (for 127.0.0.1 at 2011-05-24 11:09:27) [GET]

NoMethodError (undefined method `[]' for :name:Symbol):
  app/models/user.rb:7
  app/controllers/users_controller.rb:5:in `index'

Rendered rescues/_trace (93.8ms)
Rendered rescues/_request_and_response (0.0ms)
Rendering rescues/layout (internal_server_error)
  [4;35;1mSQL (0.0ms)[0m   [0mSET NAMES 'utf8'[0m
  [4;36;1mSQL (0.0ms)[0m   [0;1mSET SQL_AUTO_IS_NULL=0[0m


Processing UsersController#index (for 127.0.0.1 at 2011-05-24 11:09:29) [GET]

NoMethodError (undefined method `[]' for :name:Symbol):
  app/models/user.rb:7
  app/controllers/users_controller.rb:5:in `index'

Rendered rescues/_trace (78.1ms)
Rendered rescues/_request_and_response (0.0ms)
Rendering rescues/layout (internal_server_error)
  [4;35;1mSQL (0.0ms)[0m   [0mSET NAMES 'utf8'[0m
  [4;36;1mSQL (0.0ms)[0m   [0;1mSET SQL_AUTO_IS_NULL=0[0m


Processing UsersController#index (for 127.0.0.1 at 2011-05-24 11:10:34) [GET]
  [4;35;1mUser Load (0.0ms)[0m   [0mSELECT * FROM `users` [0m
Rendering template within layouts/users
Rendering users/index
  [4;36;1mUser Columns (0.0ms)[0m   [0;1mSHOW FIELDS FROM `users`[0m
Completed in 78ms (View: 47, DB: 0) | 200 OK [http://localhost/users]
  [4;35;1mSQL (0.0ms)[0m   [0mSET NAMES 'utf8'[0m
  [4;36;1mSQL (0.0ms)[0m   [0;1mSET SQL_AUTO_IS_NULL=0[0m


Processing UsersController#new (for 127.0.0.1 at 2011-05-24 11:10:36) [GET]
  [4;35;1mUser Columns (15.6ms)[0m   [0mSHOW FIELDS FROM `users`[0m
Rendering template within layouts/users
Rendering users/new
Completed in 94ms (View: 47, DB: 16) | 200 OK [http://localhost/users/new]
  [4;36;1mSQL (0.0ms)[0m   [0;1mSET NAMES 'utf8'[0m
  [4;35;1mSQL (0.0ms)[0m   [0mSET SQL_AUTO_IS_NULL=0[0m


Processing UsersController#create (for 127.0.0.1 at 2011-05-24 11:10:37) [POST]
  Parameters: {"user"=>{"name"=>"", "email"=>""}, "commit"=>"Create", "authenticity_token"=>"74+mZzD3MsQ1HO0xzyi5y4d2N5ekC9WZcAQrD/NIF8Y="}
  [4;36;1mUser Columns (0.0ms)[0m   [0;1mSHOW FIELDS FROM `users`[0m
  [4;35;1mSQL (0.0ms)[0m   [0mBEGIN[0m
  [4;36;1mSQL (0.0ms)[0m   [0;1mROLLBACK[0m
Rendering template within layouts/users
Rendering users/new
Completed in 78ms (View: 31, DB: 0) | 200 OK [http://localhost/users]
  [4;35;1mSQL (0.0ms)[0m   [0mSET NAMES 'utf8'[0m
  [4;36;1mSQL (15.6ms)[0m   [0;1mSET SQL_AUTO_IS_NULL=0[0m


Processing UsersController#create (for 127.0.0.1 at 2011-05-24 11:11:35) [POST]
  Parameters: {"user"=>{"name"=>"fdgdf", "avatar"=>#<File:C:/DOCUME~1/Anu/LOCALS~1/Temp/RackMultipart.4628.2>, "email"=>"dfg@ff.kk"}, "commit"=>"Create", "authenticity_token"=>"74+mZzD3MsQ1HO0xzyi5y4d2N5ekC9WZcAQrD/NIF8Y="}
  [4;35;1mUser Columns (0.0ms)[0m   [0mSHOW FIELDS FROM `users`[0m
[paperclip] identify -format %wx%h "C:/DOCUME~1/Anu/LOCALS~1/Temp/stream110524-4628-11kl8uk-0.jpg[0]" 2>NUL
[paperclip] An error was received while processing: #<Paperclip::NotIdentifiedByImageMagickError: C:/DOCUME~1/Anu/LOCALS~1/Temp/stream110524-4628-11kl8uk-0.jpg is not recognized by the 'identify' command.>
[paperclip] identify -format %wx%h "C:/DOCUME~1/Anu/LOCALS~1/Temp/stream110524-4628-11kl8uk-0.jpg[0]" 2>NUL
[paperclip] convert "C:/DOCUME~1/Anu/LOCALS~1/Temp/stream110524-4628-11kl8uk-0.jpg[0]" -resize "x30" -crop "30x30+5+0" +repage "C:/DOCUME~1/Anu/LOCALS~1/Temp/stream110524-4628-11kl8uk-0110524-4628-zlmfxt-0.png" 2>NUL
[paperclip] identify -format %wx%h "C:/DOCUME~1/Anu/LOCALS~1/Temp/stream110524-4628-11kl8uk-0.jpg[0]" 2>NUL
[paperclip] convert "C:/DOCUME~1/Anu/LOCALS~1/Temp/stream110524-4628-11kl8uk-0.jpg[0]" -resize "150x150!" "C:/DOCUME~1/Anu/LOCALS~1/Temp/stream110524-4628-11kl8uk-0110524-4628-175zg56-0" 2>NUL
  [4;36;1mSQL (0.0ms)[0m   [0;1mBEGIN[0m
  [4;35;1mUser Create (0.0ms)[0m   [0mINSERT INTO `users` (`name`, `updated_at`, `avatar_file_name`, `avatar_file_size`, `avatar_content_type`, `avatar`, `email`, `created_at`) VALUES('fdgdf', '2011-05-24 05:41:38', 'Blue hills.jpg', 28521, 'image/jpeg', NULL, 'dfg@ff.kk', '2011-05-24 05:41:38')[0m
[paperclip] Saving attachments.
[paperclip] saving D:/spr/example_app/public/system/avatars/3/thumb/Blue hills.png
[paperclip] saving D:/spr/example_app/public/system/avatars/3/original/Blue hills.jpg
[paperclip] saving D:/spr/example_app/public/system/avatars/3/medium/Blue hills.jpg
  [4;36;1mSQL (46.9ms)[0m   [0;1mCOMMIT[0m
Redirected to http://localhost:3000/users/3
Completed in 2438ms (DB: 62) | 302 Found [http://localhost/users]
  [4;35;1mSQL (0.0ms)[0m   [0mSET NAMES 'utf8'[0m
  [4;36;1mSQL (0.0ms)[0m   [0;1mSET SQL_AUTO_IS_NULL=0[0m


Processing UsersController#show (for 127.0.0.1 at 2011-05-24 11:11:38) [GET]
  Parameters: {"id"=>"3"}
  [4;35;1mUser Columns (0.0ms)[0m   [0mSHOW FIELDS FROM `users`[0m
  [4;36;1mUser Load (0.0ms)[0m   [0;1mSELECT * FROM `users` WHERE (`users`.`id` = 3) [0m
Rendering template within layouts/users
Rendering users/show
Completed in 47ms (View: 16, DB: 0) | 200 OK [http://localhost/users/3]
  [4;35;1mSQL (0.0ms)[0m   [0mSET NAMES 'utf8'[0m
  [4;36;1mSQL (0.0ms)[0m   [0;1mSET SQL_AUTO_IS_NULL=0[0m


Processing UsersController#index (for 127.0.0.1 at 2011-05-24 11:14:09) [GET]
  [4;35;1mUser Load (15.6ms)[0m   [0mSELECT * FROM `users` [0m
Rendering template within layouts/users
Rendering users/index
  [4;36;1mUser Columns (15.6ms)[0m   [0;1mSHOW FIELDS FROM `users`[0m
Completed in 78ms (View: 31, DB: 31) | 200 OK [http://localhost/users]
  [4;35;1mSQL (0.0ms)[0m   [0mSET NAMES 'utf8'[0m
  [4;36;1mSQL (0.0ms)[0m   [0;1mSET SQL_AUTO_IS_NULL=0[0m


Processing UsersController#show (for 127.0.0.1 at 2011-05-24 11:14:11) [GET]
  Parameters: {"id"=>"3"}
  [4;35;1mUser Columns (0.0ms)[0m   [0mSHOW FIELDS FROM `users`[0m
  [4;36;1mUser Load (0.0ms)[0m   [0;1mSELECT * FROM `users` WHERE (`users`.`id` = 3) [0m
Rendering template within layouts/users
Rendering users/show
Completed in 344ms (View: 297, DB: 0) | 200 OK [http://localhost/users/3]
